d:\kdic\desktop\source\pwedit\pwedit\debug\vc143.pdb
d:\kdic\desktop\source\pwedit\pwedit\debug\vc143.idb
d:\kdic\desktop\source\pwedit\pwedit\debug\windowsusermanager.obj
d:\kdic\desktop\source\pwedit\pwedit\debug\uicomponents.obj
d:\kdic\desktop\source\pwedit\pwedit\debug\pwedit.obj
d:\kdic\desktop\source\pwedit\pwedit\debug\passwordchanger.obj
d:\kdic\desktop\source\pwedit\pwedit\debug\mainwindow.obj
d:\kdic\desktop\source\pwedit\debug\pwedit.exe
d:\kdic\desktop\source\pwedit\debug\pwedit.pdb
d:\kdic\desktop\source\pwedit\pwedit\debug\pwedit.res
d:\kdic\desktop\source\pwedit\pwedit\debug\pwedit.ilk
d:\kdic\desktop\source\pwedit\pwedit\debug\pwedit.tlog\cl.command.1.tlog
d:\kdic\desktop\source\pwedit\pwedit\debug\pwedit.tlog\cl.items.tlog
d:\kdic\desktop\source\pwedit\pwedit\debug\pwedit.tlog\cl.read.1.tlog
d:\kdic\desktop\source\pwedit\pwedit\debug\pwedit.tlog\cl.write.1.tlog
d:\kdic\desktop\source\pwedit\pwedit\debug\pwedit.tlog\link.command.1.tlog
d:\kdic\desktop\source\pwedit\pwedit\debug\pwedit.tlog\link.read.1.tlog
d:\kdic\desktop\source\pwedit\pwedit\debug\pwedit.tlog\link.secondary.1.tlog
d:\kdic\desktop\source\pwedit\pwedit\debug\pwedit.tlog\link.write.1.tlog
d:\kdic\desktop\source\pwedit\pwedit\debug\pwedit.tlog\rc.command.1.tlog
d:\kdic\desktop\source\pwedit\pwedit\debug\pwedit.tlog\rc.read.1.tlog
d:\kdic\desktop\source\pwedit\pwedit\debug\pwedit.tlog\rc.write.1.tlog
